<?xml version="1.0" encoding="UTF-8"?>
<testsuite name="hexlet.code.NumberSchemaTest" tests="5" skipped="0" failures="0" errors="0" timestamp="2022-11-14T19:11:44" hostname="SergeiMed" time="0.007">
  <properties/>
  <testcase name="testRangeSchema()" classname="hexlet.code.NumberSchemaTest" time="0.002"/>
  <testcase name="testEmptySchema()" classname="hexlet.code.NumberSchemaTest" time="0.0"/>
  <testcase name="testRequiredSchema()" classname="hexlet.code.NumberSchemaTest" time="0.001"/>
  <testcase name="testPositiveSchema()" classname="hexlet.code.NumberSchemaTest" time="0.001"/>
  <testcase name="testNumberSchema()" classname="hexlet.code.NumberSchemaTest" time="0.0"/>
  <system-out><![CDATA[]]></system-out>
  <system-err><![CDATA[]]></system-err>
</testsuite>
