<?xml version="1.0" encoding="UTF-8"?>
<testsuite name="hexlet.code.StringSchemaTest" tests="4" skipped="0" failures="0" errors="0" timestamp="2022-11-14T19:11:44" hostname="SergeiMed" time="0.005">
  <properties/>
  <testcase name="testContainsSchema()" classname="hexlet.code.StringSchemaTest" time="0.001"/>
  <testcase name="testEmptySchema()" classname="hexlet.code.StringSchemaTest" time="0.0"/>
  <testcase name="testNotEmptySchema()" classname="hexlet.code.StringSchemaTest" time="0.0"/>
  <testcase name="testIsValid()" classname="hexlet.code.StringSchemaTest" time="0.001"/>
  <system-out><![CDATA[]]></system-out>
  <system-err><![CDATA[]]></system-err>
</testsuite>
