<?xml version="1.0" encoding="UTF-8"?>
<testsuite name="hexlet.code.MapSchemaTest" tests="4" skipped="0" failures="0" errors="0" timestamp="2022-11-14T19:11:44" hostname="SergeiMed" time="0.034">
  <properties/>
  <testcase name="testShapeSchema()" classname="hexlet.code.MapSchemaTest" time="0.027"/>
  <testcase name="testEmptySchema()" classname="hexlet.code.MapSchemaTest" time="0.003"/>
  <testcase name="testNotEmptySchema()" classname="hexlet.code.MapSchemaTest" time="0.001"/>
  <testcase name="testSizeOfSchema()" classname="hexlet.code.MapSchemaTest" time="0.001"/>
  <system-out><![CDATA[]]></system-out>
  <system-err><![CDATA[]]></system-err>
</testsuite>
